d:\dengping\course\mit_cg\assignment4\assignment4\debug\vc141.pdb
d:\dengping\course\mit_cg\assignment4\assignment4\debug\vc141.idb
d:\dengping\course\mit_cg\assignment4\assignment4\debug\triangle.obj
d:\dengping\course\mit_cg\assignment4\assignment4\debug\transform.obj
d:\dengping\course\mit_cg\assignment4\assignment4\debug\sphere.obj
d:\dengping\course\mit_cg\assignment4\assignment4\debug\scene_parser.obj
d:\dengping\course\mit_cg\assignment4\assignment4\debug\plane.obj
d:\dengping\course\mit_cg\assignment4\assignment4\debug\object3d.obj
d:\dengping\course\mit_cg\assignment4\assignment4\debug\matrix.obj
d:\dengping\course\mit_cg\assignment4\assignment4\debug\material.obj
d:\dengping\course\mit_cg\assignment4\assignment4\debug\main.obj
d:\dengping\course\mit_cg\assignment4\assignment4\debug\light.obj
d:\dengping\course\mit_cg\assignment4\assignment4\debug\image.obj
d:\dengping\course\mit_cg\assignment4\assignment4\debug\group.obj
d:\dengping\course\mit_cg\assignment4\assignment4\debug\glcanvas.obj
d:\dengping\course\mit_cg\assignment4\assignment4\debug\camera.obj
d:\dengping\course\mit_cg\assignment4\debug\assignment4.ilk
d:\dengping\course\mit_cg\assignment4\debug\assignment4.exe
d:\dengping\course\mit_cg\assignment4\debug\assignment4.pdb
d:\dengping\course\mit_cg\assignment4\assignment4\debug\assignment4.tlog\cl.command.1.tlog
d:\dengping\course\mit_cg\assignment4\assignment4\debug\assignment4.tlog\cl.read.1.tlog
d:\dengping\course\mit_cg\assignment4\assignment4\debug\assignment4.tlog\cl.write.1.tlog
d:\dengping\course\mit_cg\assignment4\assignment4\debug\assignment4.tlog\link.command.1.tlog
d:\dengping\course\mit_cg\assignment4\assignment4\debug\assignment4.tlog\link.read.1.tlog
d:\dengping\course\mit_cg\assignment4\assignment4\debug\assignment4.tlog\link.write.1.tlog
